Release 14.7 - xst P.20131013 (nt64)
Copyright (c) 1995-2013 Xilinx, Inc.  All rights reserved.
--> Parameter TMPDIR set to xst/projnav.tmp


Total REAL time to Xst completion: 4.00 secs
Total CPU time to Xst completion: 3.64 secs
 
--> Parameter xsthdpdir set to xst


Total REAL time to Xst completion: 4.00 secs
Total CPU time to Xst completion: 3.69 secs
 
--> Reading design: miniCPU.prj

TABLE OF CONTENTS
  1) Synthesis Options Summary
  2) HDL Parsing
  3) HDL Elaboration
  4) HDL Synthesis
       4.1) HDL Synthesis Report
  5) Advanced HDL Synthesis
       5.1) Advanced HDL Synthesis Report
  6) Low Level Synthesis
  7) Partition Report
  8) Design Summary
       8.1) Primitive and Black Box Usage
       8.2) Device utilization summary
       8.3) Partition Resource Summary
       8.4) Timing Report
            8.4.1) Clock Information
            8.4.2) Asynchronous Control Signals Information
            8.4.3) Timing Summary
            8.4.4) Timing Details
            8.4.5) Cross Clock Domains Report


=========================================================================
*                      Synthesis Options Summary                        *
=========================================================================
---- Source Parameters
Input File Name                    : "miniCPU.prj"
Ignore Synthesis Constraint File   : NO

---- Target Parameters
Output File Name                   : "miniCPU"
Output Format                      : NGC
Target Device                      : xa7a100t-2I-csg324

---- Source Options
Top Module Name                    : miniCPU
Automatic FSM Extraction           : YES
FSM Encoding Algorithm             : Auto
Safe Implementation                : No
FSM Style                          : LUT
RAM Extraction                     : Yes
RAM Style                          : Auto
ROM Extraction                     : Yes
Shift Register Extraction          : YES
ROM Style                          : Auto
Resource Sharing                   : YES
Asynchronous To Synchronous        : NO
Shift Register Minimum Size        : 2
Use DSP Block                      : Auto
Automatic Register Balancing       : No

---- Target Options
LUT Combining                      : Auto
Reduce Control Sets                : Auto
Add IO Buffers                     : YES
Global Maximum Fanout              : 100000
Add Generic Clock Buffer(BUFG)     : 32
Register Duplication               : YES
Optimize Instantiated Primitives   : NO
Use Clock Enable                   : Auto
Use Synchronous Set                : Auto
Use Synchronous Reset              : Auto
Pack IO Registers into IOBs        : Auto
Equivalent register Removal        : YES

---- General Options
Optimization Goal                  : Speed
Optimization Effort                : 1
Power Reduction                    : NO
Keep Hierarchy                     : No
Netlist Hierarchy                  : As_Optimized
RTL Output                         : Yes
Global Optimization                : AllClockNets
Read Cores                         : YES
Write Timing Constraints           : NO
Cross Clock Analysis               : NO
Hierarchy Separator                : /
Bus Delimiter                      : <>
Case Specifier                     : Maintain
Slice Utilization Ratio            : 100
BRAM Utilization Ratio             : 100
DSP48 Utilization Ratio            : 100
Auto BRAM Packing                  : NO
Slice Utilization Ratio Delta      : 5

=========================================================================


=========================================================================
*                          HDL Parsing                                  *
=========================================================================
Analyzing Verilog file "C:\Users\abraham\Desktop\Lab2\ShiftRight.v" into library work
Parsing module <ShiftRight>.
Analyzing Verilog file "C:\Users\abraham\Desktop\Lab2\ShiftLeft.v" into library work
Parsing module <ShiftLeft>.
Analyzing Verilog file "C:\Users\abraham\Desktop\Lab2\Comparator.v" into library work
Parsing module <Comparator>.
Analyzing Verilog file "C:\Users\abraham\Desktop\Lab2\Adder.v" into library work
Parsing module <Adder>.
Analyzing Verilog file "C:\Users\abraham\Desktop\Lab2\Reg8Bit.v" into library work
Parsing module <Reg8Bit>.
Analyzing Verilog file "C:\Users\abraham\Desktop\Lab2\Mux8To1.v" into library work
Parsing module <Mux8To1>.
Analyzing Verilog file "C:\Users\abraham\Desktop\Lab2\Mux2By1.v" into library work
Parsing module <Mux2By1>.
Analyzing Verilog file "C:\Users\abraham\Desktop\Lab2\InstructionDecoder.v" into library work
Parsing module <InstructionDecoder>.
Analyzing Verilog file "C:\Users\abraham\Desktop\Lab2\BusSplit.v" into library work
Parsing module <BusSplit>.
Analyzing Verilog file "C:\Users\abraham\Desktop\Lab2\ALU.v" into library work
Parsing module <ALU>.
Analyzing Verilog file "C:\Users\abraham\Desktop\Lab2\miniCPU.v" into library work
Parsing module <miniCPU>.

=========================================================================
*                            HDL Elaboration                            *
=========================================================================

Elaborating module <miniCPU>.

Elaborating module <BusSplit>.

Elaborating module <InstructionDecoder>.
WARNING:HDLCompiler:1127 - "C:\Users\abraham\Desktop\Lab2\InstructionDecoder.v" Line 41: Assignment to tempEn3 ignored, since the identifier is never used
WARNING:HDLCompiler:1127 - "C:\Users\abraham\Desktop\Lab2\miniCPU.v" Line 46: Assignment to En3 ignored, since the identifier is never used

Elaborating module <Reg8Bit>.
WARNING:HDLCompiler:1127 - "C:\Users\abraham\Desktop\Lab2\Reg8Bit.v" Line 41: Assignment to D ignored, since the identifier is never used
WARNING:HDLCompiler:1499 - "C:\Users\abraham\Desktop\Lab2\Reg8Bit.v" Line 21: Empty module <Reg8Bit> remains a black box.

Elaborating module <Mux2By1>.

Elaborating module <ALU>.

Elaborating module <Adder>.
WARNING:HDLCompiler:413 - "C:\Users\abraham\Desktop\Lab2\Adder.v" Line 37: Result of 9-bit expression is truncated to fit in 8-bit target.

Elaborating module <ShiftLeft>.

Elaborating module <ShiftRight>.

Elaborating module <Comparator>.

Elaborating module <Mux8To1>.
WARNING:HDLCompiler:189 - "C:\Users\abraham\Desktop\Lab2\miniCPU.v" Line 59: Size mismatch in connection of port <A>. Formal port size is 8-bit while actual signal size is 1-bit.
WARNING:Xst:2972 - "C:\Users\abraham\Desktop\Lab2\miniCPU.v" line 48. All outputs of instance <s2> of block <Reg8Bit> are unconnected in block <miniCPU>. Underlying logic will be removed.
WARNING:Xst:2972 - "C:\Users\abraham\Desktop\Lab2\miniCPU.v" line 49. All outputs of instance <s6> of block <Mux2By1> are unconnected in block <miniCPU>. Underlying logic will be removed.
WARNING:Xst:2972 - "C:\Users\abraham\Desktop\Lab2\miniCPU.v" line 50. All outputs of instance <s3> of block <Reg8Bit> are unconnected in block <miniCPU>. Underlying logic will be removed.

=========================================================================
*                           HDL Synthesis                               *
=========================================================================

Synthesizing Unit <miniCPU>.
    Related source file is "C:\Users\abraham\Desktop\Lab2\miniCPU.v".
INFO:Xst:3210 - "C:\Users\abraham\Desktop\Lab2\miniCPU.v" line 46: Output port <En3> of the instance <s1> is unconnected or connected to loadless signal.
WARNING:Xst:653 - Signal <r1> is used but never assigned. This sourceless signal will be automatically connected to value GND.
WARNING:Xst:653 - Signal <r2> is used but never assigned. This sourceless signal will be automatically connected to value GND.
    Summary:
	no macro.
Unit <miniCPU> synthesized.

Synthesizing Unit <BusSplit>.
    Related source file is "C:\Users\abraham\Desktop\Lab2\BusSplit.v".
    Summary:
	no macro.
Unit <BusSplit> synthesized.

Synthesizing Unit <InstructionDecoder>.
    Related source file is "C:\Users\abraham\Desktop\Lab2\InstructionDecoder.v".
WARNING:Xst:653 - Signal <En3> is used but never assigned. This sourceless signal will be automatically connected to value GND.
WARNING:Xst:737 - Found 1-bit latch for signal <tempS1>. Latches may be generated from incomplete case or if statements. We do not recommend the use of latches in FPGA/CPLD designs, as they may lead to timing problems.
WARNING:Xst:737 - Found 1-bit latch for signal <tempS2>. Latches may be generated from incomplete case or if statements. We do not recommend the use of latches in FPGA/CPLD designs, as they may lead to timing problems.
WARNING:Xst:737 - Found 1-bit latch for signal <tempS3>. Latches may be generated from incomplete case or if statements. We do not recommend the use of latches in FPGA/CPLD designs, as they may lead to timing problems.
WARNING:Xst:737 - Found 1-bit latch for signal <tempS0>. Latches may be generated from incomplete case or if statements. We do not recommend the use of latches in FPGA/CPLD designs, as they may lead to timing problems.
    Summary:
	inferred   4 Latch(s).
	inferred  11 Multiplexer(s).
Unit <InstructionDecoder> synthesized.

Synthesizing Unit <Mux2By1>.
    Related source file is "C:\Users\abraham\Desktop\Lab2\Mux2By1.v".
    Summary:
	inferred   1 Multiplexer(s).
Unit <Mux2By1> synthesized.

Synthesizing Unit <ALU>.
    Related source file is "C:\Users\abraham\Desktop\Lab2\ALU.v".
    Summary:
	no macro.
Unit <ALU> synthesized.

Synthesizing Unit <Adder>.
    Related source file is "C:\Users\abraham\Desktop\Lab2\Adder.v".
    Summary:
	no macro.
Unit <Adder> synthesized.

Synthesizing Unit <ShiftLeft>.
    Related source file is "C:\Users\abraham\Desktop\Lab2\ShiftLeft.v".
    Summary:
	no macro.
Unit <ShiftLeft> synthesized.

Synthesizing Unit <ShiftRight>.
    Related source file is "C:\Users\abraham\Desktop\Lab2\ShiftRight.v".
WARNING:Xst:647 - Input <A<0:0>> is never used. This port will be preserved and left unconnected if it belongs to a top-level block or it belongs to a sub-block and the hierarchy of this sub-block is preserved.
    Summary:
	no macro.
Unit <ShiftRight> synthesized.

Synthesizing Unit <Comparator>.
    Related source file is "C:\Users\abraham\Desktop\Lab2\Comparator.v".
    Summary:
	no macro.
Unit <Comparator> synthesized.

Synthesizing Unit <Mux8To1>.
    Related source file is "C:\Users\abraham\Desktop\Lab2\Mux8To1.v".
WARNING:Xst:737 - Found 1-bit latch for signal <tempY<6>>. Latches may be generated from incomplete case or if statements. We do not recommend the use of latches in FPGA/CPLD designs, as they may lead to timing problems.
WARNING:Xst:737 - Found 1-bit latch for signal <tempY<5>>. Latches may be generated from incomplete case or if statements. We do not recommend the use of latches in FPGA/CPLD designs, as they may lead to timing problems.
WARNING:Xst:737 - Found 1-bit latch for signal <tempY<4>>. Latches may be generated from incomplete case or if statements. We do not recommend the use of latches in FPGA/CPLD designs, as they may lead to timing problems.
WARNING:Xst:737 - Found 1-bit latch for signal <tempY<3>>. Latches may be generated from incomplete case or if statements. We do not recommend the use of latches in FPGA/CPLD designs, as they may lead to timing problems.
WARNING:Xst:737 - Found 1-bit latch for signal <tempY<2>>. Latches may be generated from incomplete case or if statements. We do not recommend the use of latches in FPGA/CPLD designs, as they may lead to timing problems.
WARNING:Xst:737 - Found 1-bit latch for signal <tempY<1>>. Latches may be generated from incomplete case or if statements. We do not recommend the use of latches in FPGA/CPLD designs, as they may lead to timing problems.
WARNING:Xst:737 - Found 1-bit latch for signal <tempY<0>>. Latches may be generated from incomplete case or if statements. We do not recommend the use of latches in FPGA/CPLD designs, as they may lead to timing problems.
WARNING:Xst:737 - Found 1-bit latch for signal <tempY<7>>. Latches may be generated from incomplete case or if statements. We do not recommend the use of latches in FPGA/CPLD designs, as they may lead to timing problems.
    Summary:
	inferred   8 Latch(s).
Unit <Mux8To1> synthesized.

=========================================================================
HDL Synthesis Report

Macro Statistics
# Latches                                              : 12
 1-bit latch                                           : 12
# Multiplexers                                         : 12
 1-bit 2-to-1 multiplexer                              : 11
 8-bit 2-to-1 multiplexer                              : 1

=========================================================================

=========================================================================
*                       Advanced HDL Synthesis                          *
=========================================================================

WARNING:Xst - The specified part-type was not generated at build time. XST is loading the full part-type and will therefore consume more CPU and memory.
Loading device for application Rf_Device from file '7a100t.nph' in environment C:\Xilinx\14.7\ISE_DS\ISE\.
Loading device for application Rf_Device from file '7a100t.nph' in environment C:\Xilinx\14.7\ISE_DS\ISE\.
WARNING:Xst:1290 - Hierarchical block <s2> is unconnected in block <s4>.
   It will be removed from the design.
WARNING:Xst:1290 - Hierarchical block <s3> is unconnected in block <s4>.
   It will be removed from the design.
INFO:Xst:2261 - The FF/Latch <tempY_7> in Unit <s5> is equivalent to the following 7 FFs/Latches, which will be removed : <tempY_6> <tempY_5> <tempY_4> <tempY_3> <tempY_2> <tempY_1> <tempY_0> 
WARNING:Xst:1710 - FF/Latch <tempY_7> (without init value) has a constant value of 0 in block <s5>. This FF/Latch will be trimmed during the optimization process.
WARNING:Xst:1898 - Due to constant pushing, FF/Latch <tempS1> is unconnected in block <s1>.
WARNING:Xst:1898 - Due to constant pushing, FF/Latch <tempS2> is unconnected in block <s1>.

=========================================================================
Advanced HDL Synthesis Report

Macro Statistics
# Multiplexers                                         : 11
 1-bit 2-to-1 multiplexer                              : 10
 8-bit 2-to-1 multiplexer                              : 1

=========================================================================

=========================================================================
*                         Low Level Synthesis                           *
=========================================================================
INFO:Xst:2261 - The FF/Latch <tempY_7> in Unit <Mux8To1> is equivalent to the following 7 FFs/Latches, which will be removed : <tempY_6> <tempY_5> <tempY_4> <tempY_3> <tempY_2> <tempY_1> <tempY_0> 
WARNING:Xst:1710 - FF/Latch <tempY_7> (without init value) has a constant value of 0 in block <Mux8To1>. This FF/Latch will be trimmed during the optimization process.
WARNING:Xst:2973 - All outputs of instance <s1> of block <InstructionDecoder> are unconnected in block <miniCPU>. Underlying logic will be removed.

Optimizing unit <miniCPU> ...

Optimizing unit <InstructionDecoder> ...

Mapping all equations...
Building and optimizing final netlist ...
Found area constraint ratio of 100 (+ 5) on block miniCPU, actual ratio is 0.

Final Macro Processing ...

=========================================================================
Final Register Report

Found no macro
=========================================================================

=========================================================================
*                           Partition Report                            *
=========================================================================

Partition Implementation Status
-------------------------------

  No Partitions were found in this design.

-------------------------------

=========================================================================
*                            Design Summary                             *
=========================================================================

Top Level Output File Name         : miniCPU.ngc

Primitive and Black Box Usage:
------------------------------
# BELS                             : 1
#      GND                         : 1
# IO Buffers                       : 49
#      IBUF                        : 12
#      OBUF                        : 37

Device utilization summary:
---------------------------

Selected Device : xa7a100tcsg324-2i 


Slice Logic Utilization: 

Slice Logic Distribution: 
 Number of LUT Flip Flop pairs used:      0
   Number with an unused Flip Flop:       0  out of      0         
   Number with an unused LUT:             0  out of      0         
   Number of fully used LUT-FF pairs:     0  out of      0         
   Number of unique control sets:         0

IO Utilization: 
 Number of IOs:                          50
 Number of bonded IOBs:                  49  out of    210    23%  

Specific Feature Utilization:

---------------------------
Partition Resource Summary:
---------------------------

  No Partitions were found in this design.

---------------------------


=========================================================================
Timing Report

NOTE: THESE TIMING NUMBERS ARE ONLY A SYNTHESIS ESTIMATE.
      FOR ACCURATE TIMING INFORMATION PLEASE REFER TO THE TRACE REPORT
      GENERATED AFTER PLACE-and-ROUTE.

Clock Information:
------------------
No clock signals found in this design

Asynchronous Control Signals Information:
----------------------------------------
No asynchronous control signals found in this design

Timing Summary:
---------------
Speed Grade: -2

   Minimum period: No path found
   Minimum input arrival time before clock: No path found
   Maximum output required time after clock: No path found
   Maximum combinational path delay: 0.340ns

Timing Details:
---------------
All values displayed in nanoseconds (ns)

=========================================================================
Timing constraint: Default path analysis
  Total number of paths / destination ports: 12 / 12
-------------------------------------------------------------------------
Delay:               0.340ns (Levels of Logic = 2)
  Source:            In<11> (PAD)
  Destination:       BS1<3> (PAD)

  Data Path: In<11> to BS1<3>
                                Gate     Net
    Cell:in->out      fanout   Delay   Delay  Logical Name (Net Name)
    ----------------------------------------  ------------
     IBUF:I->O             1   0.001   0.339  In_11_IBUF (In_11_IBUF)
     OBUF:I->O                 0.000          BS1_3_OBUF (BS1<3>)
    ----------------------------------------
    Total                      0.340ns (0.001ns logic, 0.339ns route)
                                       (0.3% logic, 99.7% route)

=========================================================================

Cross Clock Domains Report:
--------------------------

=========================================================================


Total REAL time to Xst completion: 126.00 secs
Total CPU time to Xst completion: 125.88 secs
 
--> 

Total memory usage is 731540 kilobytes

Number of errors   :    0 (   0 filtered)
Number of warnings :   33 (   0 filtered)
Number of infos    :    3 (   0 filtered)

